<?xml version="1.0" encoding="UTF-8"?>
<!-- Generated by org.testng.reporters.JUnitReportReporter -->
<testsuite hostname="DESKTOP-UABRI8V" failures="0" tests="6" name="com.nopcomcomerce.user.Level_02_Apply_BasePage_01" time="9.624" errors="0" timestamp="14 Oct 2022 09:15:33 GMT" skipped="0">
  <testcase classname="com.nopcomcomerce.user.Level_02_Apply_BasePage_01" name="Register_TC_06_PasswordNotMatch" time="1.295"/>
  <testcase classname="com.nopcomcomerce.user.Level_02_Apply_BasePage_01" name="Register_TC_01_EmptyData" time="1.566"/>
  <testcase classname="com.nopcomcomerce.user.Level_02_Apply_BasePage_01" name="Register_TC_03_RegisterSuccess" time="2.987"/>
  <testcase classname="com.nopcomcomerce.user.Level_02_Apply_BasePage_01" name="Register_TC_05_PasswordInvalid" time="1.248"/>
  <testcase classname="com.nopcomcomerce.user.Level_02_Apply_BasePage_01" name="Register_TC_02_InvalidEmail" time="0.561"/>
  <testcase classname="com.nopcomcomerce.user.Level_02_Apply_BasePage_01" name="Register_TC_04_RegisterEmailExist" time="1.967"/>
</testsuite> <!-- com.nopcomcomerce.user.Level_02_Apply_BasePage_01 -->
