<?xml version="1.0" encoding="UTF-8"?>
<!-- Generated by org.testng.reporters.JUnitReportReporter -->
<testsuite hostname="DESKTOP-UABRI8V" failures="0" tests="5" name="com.nopcommerce.user.Level_09_Dynamic_Locator" time="7.569" errors="0" timestamp="03 Dec 2022 07:42:15 GMT" skipped="0">
  <testcase classname="com.nopcommerce.user.Level_09_Dynamic_Locator" name="User_03_Switch_Account" time="1.762"/>
  <testcase classname="com.nopcommerce.user.Level_09_Dynamic_Locator" name="User_04_Dynamic_Page_01" time="1.478"/>
  <testcase classname="com.nopcommerce.user.Level_09_Dynamic_Locator" name="User_04_Dynamic_Page_02" time="1.507"/>
  <testcase classname="com.nopcommerce.user.Level_09_Dynamic_Locator" name="User_02_MyAccount" time="0.493"/>
  <testcase classname="com.nopcommerce.user.Level_09_Dynamic_Locator" name="User_01_Register" time="2.329"/>
</testsuite> <!-- com.nopcommerce.user.Level_09_Dynamic_Locator -->
