<?xml version="1.0" encoding="UTF-8"?>
<!-- Generated by org.testng.reporters.JUnitReportReporter -->
<testsuite hostname="DESKTOP-UABRI8V" failures="0" tests="6" name="com.nopcommerce.user.Level_06_Page_Generator_Manager_II" time="5.161" errors="0" timestamp="25 Oct 2022 09:28:57 GMT" skipped="0">
  <testcase classname="com.nopcommerce.user.Level_06_Page_Generator_Manager_II" name="Login_TC_03_EmailNotRegister" time="0.855"/>
  <testcase classname="com.nopcommerce.user.Level_06_Page_Generator_Manager_II" name="Login_TC_04_BlankPassword" time="0.805"/>
  <testcase classname="com.nopcommerce.user.Level_06_Page_Generator_Manager_II" name="Login_TC_02_InvalidEmail" time="0.730"/>
  <testcase classname="com.nopcommerce.user.Level_06_Page_Generator_Manager_II" name="Login_TC_05_WrongPassword" time="0.914"/>
  <testcase classname="com.nopcommerce.user.Level_06_Page_Generator_Manager_II" name="Login_TC_06_LoginSuccess" time="1.093"/>
  <testcase classname="com.nopcommerce.user.Level_06_Page_Generator_Manager_II" name="Login_TC_01_EmptyData" time="0.764"/>
</testsuite> <!-- com.nopcommerce.user.Level_06_Page_Generator_Manager_II -->
