<?xml version="1.0" encoding="UTF-8"?>
<!-- Generated by org.testng.reporters.JUnitReportReporter -->
<testsuite hostname="DESKTOP-UABRI8V" failures="0" tests="3" name="com.nopcommerce.user.Level_08_Switch_User" time="8.363" errors="0" timestamp="03 Dec 2022 04:19:34 GMT" skipped="0">
  <testcase classname="com.nopcommerce.user.Level_08_Switch_User" name="User_01_Register" time="2.966"/>
  <testcase classname="com.nopcommerce.user.Level_08_Switch_User" name="User_04_Switch_To_Admin" time="3.944"/>
  <testcase classname="com.nopcommerce.user.Level_08_Switch_User" name="User_02_Login" time="1.453"/>
</testsuite> <!-- com.nopcommerce.user.Level_08_Switch_User -->
