<?xml version="1.0" encoding="UTF-8"?>
<!-- Generated by org.testng.reporters.JUnitReportReporter -->
<testsuite hostname="DESKTOP-UABRI8V" failures="0" tests="2" name="com.nopcommerce.user.Level_19_Sort_ASC_DESC" time="6.534" errors="0" timestamp="29 Jan 2023 16:52:08 GMT" skipped="0">
  <testcase classname="com.nopcommerce.user.Level_19_Sort_ASC_DESC" name="Sort_01_Name_ASC" time="3.170"/>
  <testcase classname="com.nopcommerce.user.Level_19_Sort_ASC_DESC" name="Sort_02_Name_DESC" time="3.364"/>
</testsuite> <!-- com.nopcommerce.user.Level_19_Sort_ASC_DESC -->
