<?xml version="1.0" encoding="UTF-8"?>
<!-- Generated by org.testng.reporters.JUnitReportReporter -->
<testsuite hostname="DESKTOP-UABRI8V" failures="0" tests="2" name="com.jQuery.user.Level_11_Upload_Files" time="10.998" errors="0" timestamp="28 Nov 2022 15:02:29 GMT" skipped="0">
  <testcase classname="com.jQuery.user.Level_11_Upload_Files" name="TC_02_Upload_Multiple_Files" time="1.361"/>
  <testcase classname="com.jQuery.user.Level_11_Upload_Files" name="TC_01_Upload_One_File" time="9.637"/>
</testsuite> <!-- com.jQuery.user.Level_11_Upload_Files -->
