<?xml version="1.0" encoding="UTF-8"?>
<!-- Generated by org.testng.reporters.JUnitReportReporter -->
<testsuite hostname="DESKTOP-UABRI8V" failures="0" tests="18" name="com.nopcommerce.user.Level_04_Multiple_Browser" time="35.616" errors="0" timestamp="25 Oct 2022 02:22:44 GMT" skipped="0">
  <testcase classname="com.nopcommerce.user.Level_04_Multiple_Browser" name="Register_TC_05_PasswordInvalid" time="0.676"/>
  <testcase classname="com.nopcommerce.user.Level_04_Multiple_Browser" name="Register_TC_06_PasswordNotMatch" time="1.369"/>
  <testcase classname="com.nopcommerce.user.Level_04_Multiple_Browser" name="Register_TC_02_InvalidEmail" time="1.080"/>
  <testcase classname="com.nopcommerce.user.Level_04_Multiple_Browser" name="Register_TC_03_RegisterSuccess" time="5.804"/>
  <testcase classname="com.nopcommerce.user.Level_04_Multiple_Browser" name="Register_TC_04_RegisterEmailExist" time="1.521"/>
  <testcase classname="com.nopcommerce.user.Level_04_Multiple_Browser" name="Register_TC_06_PasswordNotMatch" time="0.784"/>
  <testcase classname="com.nopcommerce.user.Level_04_Multiple_Browser" name="Register_TC_01_EmptyData" time="5.912"/>
  <testcase classname="com.nopcommerce.user.Level_04_Multiple_Browser" name="Register_TC_04_RegisterEmailExist" time="1.294"/>
  <testcase classname="com.nopcommerce.user.Level_04_Multiple_Browser" name="Register_TC_06_PasswordNotMatch" time="0.797"/>
  <testcase classname="com.nopcommerce.user.Level_04_Multiple_Browser" name="Register_TC_01_EmptyData" time="1.444"/>
  <testcase classname="com.nopcommerce.user.Level_04_Multiple_Browser" name="Register_TC_03_RegisterSuccess" time="3.725"/>
  <testcase classname="com.nopcommerce.user.Level_04_Multiple_Browser" name="Register_TC_04_RegisterEmailExist" time="1.546"/>
  <testcase classname="com.nopcommerce.user.Level_04_Multiple_Browser" name="Register_TC_05_PasswordInvalid" time="1.258"/>
  <testcase classname="com.nopcommerce.user.Level_04_Multiple_Browser" name="Register_TC_02_InvalidEmail" time="0.608"/>
  <testcase classname="com.nopcommerce.user.Level_04_Multiple_Browser" name="Register_TC_01_EmptyData" time="3.053"/>
  <testcase classname="com.nopcommerce.user.Level_04_Multiple_Browser" name="Register_TC_03_RegisterSuccess" time="3.432"/>
  <testcase classname="com.nopcommerce.user.Level_04_Multiple_Browser" name="Register_TC_05_PasswordInvalid" time="0.691"/>
  <testcase classname="com.nopcommerce.user.Level_04_Multiple_Browser" name="Register_TC_02_InvalidEmail" time="0.622"/>
</testsuite> <!-- com.nopcommerce.user.Level_04_Multiple_Browser -->
