<?xml version="1.0" encoding="UTF-8"?>
<!-- Generated by org.testng.reporters.JUnitReportReporter -->
<testsuite hostname="DESKTOP-UABRI8V" failures="0" tests="2" name="com.nopcommerce.user.Level_16_Share_Data" time="0.051" errors="0" timestamp="13 Dec 2022 16:22:12 GMT" skipped="0">
  <testcase classname="com.nopcommerce.user.Level_16_Share_Data" name="User_01_Search_Relative" time="0.002"/>
  <testcase classname="com.nopcommerce.user.Level_16_Share_Data" name="User_01_Search_Absolute" time="0.049"/>
</testsuite> <!-- com.nopcommerce.user.Level_16_Share_Data -->
