<?xml version="1.0" encoding="UTF-8"?>
<!-- Generated by org.testng.reporters.JUnitReportReporter -->
<testsuite hostname="DESKTOP-UABRI8V" failures="0" tests="3" name="com.facebook.user.Level_13_Verify_Element_Undisplayed" time="20.007" errors="0" timestamp="11 Jan 2023 15:29:59 GMT" skipped="0">
  <testcase classname="com.facebook.user.Level_13_Verify_Element_Undisplayed" name="TC_01_Verify_Element_isDisplayed" time="4.378"/>
  <testcase classname="com.facebook.user.Level_13_Verify_Element_Undisplayed" name="TC_03_Verify_Element_unDisplay_Not_In_Dom" time="13.412"/>
  <testcase classname="com.facebook.user.Level_13_Verify_Element_Undisplayed" name="TC_02_Verify_Element_unDisplayed_In_Dom" time="2.217"/>
</testsuite> <!-- com.facebook.user.Level_13_Verify_Element_Undisplayed -->
