<?xml version="1.0" encoding="UTF-8"?>
<!-- Generated by org.testng.reporters.JUnitReportReporter -->
<testsuite hostname="DESKTOP-UABRI8V" failures="0" tests="1" name="topic_Java.abc1" time="4.587" errors="0" timestamp="22 Mar 2023 16:29:26 GMT" skipped="0">
  <testcase classname="topic_Java.abc1" name="ab" time="4.587"/>
</testsuite> <!-- topic_Java.abc1 -->
