<?xml version="1.0" encoding="UTF-8"?>
<!-- Generated by org.testng.reporters.JUnitReportReporter -->
<testsuite hostname="DESKTOP-UABRI8V" failures="0" tests="3" name="com.nopcommerce.user.Level_18_Pattern_Object" time="9.401" errors="0" timestamp="18 Dec 2022 05:18:22 GMT" skipped="0">
  <testcase classname="com.nopcommerce.user.Level_18_Pattern_Object" name="User_02_Customer_Infor_Page" time="0.613"/>
  <testcase classname="com.nopcommerce.user.Level_18_Pattern_Object" name="User_03_Switch_Account" time="4.850"/>
  <testcase classname="com.nopcommerce.user.Level_18_Pattern_Object" name="User_01_Register" time="3.938"/>
</testsuite> <!-- com.nopcommerce.user.Level_18_Pattern_Object -->
