<?xml version="1.0" encoding="UTF-8"?>
<!-- Generated by org.testng.reporters.JUnitReportReporter -->
<testsuite hostname="DESKTOP-UABRI8V" failures="0" tests="6" name="com.nopcommerce.user.Level_05_Page_Factory" time="6.836" errors="0" timestamp="08 Apr 2023 05:21:13 GMT" skipped="0">
  <testcase classname="com.nopcommerce.user.Level_05_Page_Factory" name="Login_TC_03_EmailNotRegister" time="1.166"/>
  <testcase classname="com.nopcommerce.user.Level_05_Page_Factory" name="Login_TC_06_LoginSuccess" time="1.355"/>
  <testcase classname="com.nopcommerce.user.Level_05_Page_Factory" name="Login_TC_01_EmptyData" time="0.971"/>
  <testcase classname="com.nopcommerce.user.Level_05_Page_Factory" name="Login_TC_02_InvalidEmail" time="0.926"/>
  <testcase classname="com.nopcommerce.user.Level_05_Page_Factory" name="Login_TC_04_BlankPassword" time="1.128"/>
  <testcase classname="com.nopcommerce.user.Level_05_Page_Factory" name="Login_TC_05_WrongPassword" time="1.290"/>
</testsuite> <!-- com.nopcommerce.user.Level_05_Page_Factory -->
