<?xml version="1.0" encoding="UTF-8"?>
<!-- Generated by org.testng.reporters.JUnitReportReporter -->
<testsuite hostname="DESKTOP-UABRI8V" failures="0" tests="1" name="com.jQuery.user.Level_10_Data_Table" time="6.176" errors="0" timestamp="03 Dec 2022 04:02:24 GMT" skipped="0">
  <testcase classname="com.jQuery.user.Level_10_Data_Table" name="TC_05_inputDataIntoRow" time="6.176"/>
</testsuite> <!-- com.jQuery.user.Level_10_Data_Table -->
