<?xml version="1.0" encoding="UTF-8"?>
<!-- Generated by org.testng.reporters.JUnitReportReporter -->
<testsuite hostname="DESKTOP-UABRI8V" failures="0" tests="6" name="com.nopcommerce.user.Level_06_Page_Generator_Manager_III" time="5.856" errors="0" timestamp="07 Nov 2022 14:55:59 GMT" skipped="0">
  <testcase classname="com.nopcommerce.user.Level_06_Page_Generator_Manager_III" name="Login_TC_06_LoginSuccess" time="1.599"/>
  <testcase classname="com.nopcommerce.user.Level_06_Page_Generator_Manager_III" name="Login_TC_01_EmptyData" time="0.821"/>
  <testcase classname="com.nopcommerce.user.Level_06_Page_Generator_Manager_III" name="Login_TC_02_InvalidEmail" time="0.750"/>
  <testcase classname="com.nopcommerce.user.Level_06_Page_Generator_Manager_III" name="Login_TC_04_BlankPassword" time="0.868"/>
  <testcase classname="com.nopcommerce.user.Level_06_Page_Generator_Manager_III" name="Login_TC_05_WrongPassword" time="0.942"/>
  <testcase classname="com.nopcommerce.user.Level_06_Page_Generator_Manager_III" name="Login_TC_03_EmailNotRegister" time="0.876"/>
</testsuite> <!-- com.nopcommerce.user.Level_06_Page_Generator_Manager_III -->
