<?xml version="1.0" encoding="UTF-8"?>
<!-- Generated by org.testng.reporters.JUnitReportReporter -->
<testsuite hostname="DESKTOP-UABRI8V" failures="0" tests="1" name="com.nopcommerce.user.Level_10_Data_Table" time="6.197" errors="0" timestamp="25 Nov 2022 15:27:22 GMT" skipped="0">
  <testcase classname="com.nopcommerce.user.Level_10_Data_Table" name="TC_05_inputDataIntoRow" time="6.197"/>
</testsuite> <!-- com.nopcommerce.user.Level_10_Data_Table -->
