<?xml version="1.0" encoding="UTF-8"?>
<!-- Generated by org.testng.reporters.JUnitReportReporter -->
<testsuite hostname="DESKTOP-UABRI8V" failures="0" tests="3" name="com.wordpress.post.Post_01_Read_Create_Delete_Update" time="3.568" errors="0" timestamp="29 Jan 2023 14:03:55 GMT" skipped="0">
  <testcase classname="com.wordpress.post.Post_01_Read_Create_Delete_Update" name="Post_02_Delete_One_Post" time="0.001"/>
  <testcase classname="com.wordpress.post.Post_01_Read_Create_Delete_Update" name="Post_01_Search" time="3.560"/>
  <testcase classname="com.wordpress.post.Post_01_Read_Create_Delete_Update" name="Post_03_Delete_Multi_Post" time="0.007"/>
</testsuite> <!-- com.wordpress.post.Post_01_Read_Create_Delete_Update -->
