<?xml version="1.0" encoding="UTF-8"?>
<!-- Generated by org.testng.reporters.JUnitReportReporter -->
<testsuite hostname="DESKTOP-UABRI8V" failures="0" tests="6" name="com.nopcomcomerce.user.Level_03_Base_Object" time="8.143" errors="0" timestamp="21 Oct 2022 02:54:59 GMT" skipped="0">
  <testcase classname="com.nopcomcomerce.user.Level_03_Base_Object" name="Register_TC_04_RegisterEmailExist" time="1.295"/>
  <testcase classname="com.nopcomcomerce.user.Level_03_Base_Object" name="Register_TC_03_RegisterSuccess" time="2.386"/>
  <testcase classname="com.nopcomcomerce.user.Level_03_Base_Object" name="Register_TC_05_PasswordInvalid" time="1.300"/>
  <testcase classname="com.nopcomcomerce.user.Level_03_Base_Object" name="Register_TC_02_InvalidEmail" time="0.576"/>
  <testcase classname="com.nopcomcomerce.user.Level_03_Base_Object" name="Register_TC_01_EmptyData" time="1.175"/>
  <testcase classname="com.nopcomcomerce.user.Level_03_Base_Object" name="Register_TC_06_PasswordNotMatch" time="1.411"/>
</testsuite> <!-- com.nopcomcomerce.user.Level_03_Base_Object -->
