<?xml version="1.0" encoding="UTF-8"?>
<!-- Generated by org.testng.reporters.JUnitReportReporter -->
<testsuite hostname="DESKTOP-UABRI8V" failures="0" tests="4" name="com.nopcommerce.user.Level_07_Switch_Page" time="8.612" errors="0" timestamp="15 Nov 2022 14:55:18 GMT" skipped="0">
  <testcase classname="com.nopcommerce.user.Level_07_Switch_Page" name="User_04_Switch_Account" time="2.032"/>
  <testcase classname="com.nopcommerce.user.Level_07_Switch_Page" name="User_02_Login" time="1.375"/>
  <testcase classname="com.nopcommerce.user.Level_07_Switch_Page" name="User_03_MyAccount" time="1.862"/>
  <testcase classname="com.nopcommerce.user.Level_07_Switch_Page" name="User_01_Register" time="3.343"/>
</testsuite> <!-- com.nopcommerce.user.Level_07_Switch_Page -->
